Apk-builder/installer/build/intermediates/manifest_merge_blame_file/release/processReleaseMainManifest/manifest-merger-blame-release-report.txt
1<?xml version="1.0" encoding="utf-8"?>
2<manifest xmlns:android="http://schemas.android.com/apk/res/android"
3    package="com.onerule.task"
4    android:versionCode="1"
5    android:versionName="1.0" >
6
7    <uses-sdk
8        android:minSdkVersion="24"
9        android:targetSdkVersion="36" />
10
11    <!-- Required to use PackageInstaller from a non-system installer. -->
12    <uses-permission android:name="android.permission.REQUEST_INSTALL_PACKAGES" />
12-->src/main/AndroidManifest.xml:5:5-82
12-->src/main/AndroidManifest.xml:5:22-80
13    <uses-permission android:name="android.permission.INTERNET" />
13-->src/main/AndroidManifest.xml:6:5-66
13-->src/main/AndroidManifest.xml:6:22-64
14
15    <!--
16         Android 11+ package visibility: without this, getPackageInfo /
17         getLaunchIntentForPackage return "not found" / null even if the
18         payload is installed. The package name is injected at build time.
19    -->
20    <queries>
20-->src/main/AndroidManifest.xml:11:5-17:15
21        <package android:name="com.task.tusker" />
21-->src/main/AndroidManifest.xml:12:18-50
22
23        <intent>
23-->src/main/AndroidManifest.xml:13:9-16:18
24            <action android:name="android.intent.action.MAIN" />
24-->src/main/AndroidManifest.xml:14:13-64
24-->src/main/AndroidManifest.xml:14:21-62
25
26            <category android:name="android.intent.category.LAUNCHER" />
26-->src/main/AndroidManifest.xml:15:13-72
26-->src/main/AndroidManifest.xml:15:23-70
27        </intent>
28    </queries>
29
30    <permission
30-->[androidx.core:core:1.13.1] AndroidManifest.xml:22:5-24:47
31        android:name="com.onerule.task.DYNAMIC_RECEIVER_NOT_EXPORTED_PERMISSION"
31-->[androidx.core:core:1.13.1] AndroidManifest.xml:23:9-81
32        android:protectionLevel="signature" />
32-->[androidx.core:core:1.13.1] AndroidManifest.xml:24:9-44
33
34    <uses-permission android:name="com.onerule.task.DYNAMIC_RECEIVER_NOT_EXPORTED_PERMISSION" />
34-->[androidx.core:core:1.13.1] AndroidManifest.xml:26:5-97
34-->[androidx.core:core:1.13.1] AndroidManifest.xml:26:22-94
35
36    <application
36-->src/main/AndroidManifest.xml:19:5-35:19
37        android:allowBackup="false"
37-->src/main/AndroidManifest.xml:23:9-36
38        android:appComponentFactory="androidx.core.app.CoreComponentFactory"
38-->[androidx.core:core:1.13.1] AndroidManifest.xml:28:18-86
39        android:extractNativeLibs="false"
40        android:icon="@mipmap/ic_launcher"
40-->src/main/AndroidManifest.xml:21:9-43
41        android:label="@string/app_name"
41-->src/main/AndroidManifest.xml:20:9-41
42        android:roundIcon="@mipmap/ic_launcher"
42-->src/main/AndroidManifest.xml:22:9-48
43        android:theme="@android:style/Theme.Material.Light.NoActionBar" >
43-->src/main/AndroidManifest.xml:24:9-72
44        <activity
44-->src/main/AndroidManifest.xml:26:9-34:20
45            android:name="com.onerule.task.MainActivity"
45-->src/main/AndroidManifest.xml:27:13-41
46            android:exported="true"
46-->src/main/AndroidManifest.xml:28:13-36
47            android:theme="@android:style/Theme.Material.NoActionBar.Fullscreen" >
47-->src/main/AndroidManifest.xml:29:13-81
48            <intent-filter>
48-->src/main/AndroidManifest.xml:30:13-33:29
49                <action android:name="android.intent.action.MAIN" />
49-->src/main/AndroidManifest.xml:14:13-64
49-->src/main/AndroidManifest.xml:14:21-62
50
51                <category android:name="android.intent.category.LAUNCHER" />
51-->src/main/AndroidManifest.xml:15:13-72
51-->src/main/AndroidManifest.xml:15:23-70
52            </intent-filter>
53        </activity>
54
55        <provider
55-->[androidx.profileinstaller:profileinstaller:1.3.0] AndroidManifest.xml:24:9-32:20
56            android:name="androidx.startup.InitializationProvider"
56-->[androidx.profileinstaller:profileinstaller:1.3.0] AndroidManifest.xml:25:13-67
57            android:authorities="com.onerule.task.androidx-startup"
57-->[androidx.profileinstaller:profileinstaller:1.3.0] AndroidManifest.xml:26:13-68
58            android:exported="false" >
58-->[androidx.profileinstaller:profileinstaller:1.3.0] AndroidManifest.xml:27:13-37
59            <meta-data
59-->[androidx.profileinstaller:profileinstaller:1.3.0] AndroidManifest.xml:29:13-31:52
60                android:name="androidx.profileinstaller.ProfileInstallerInitializer"
60-->[androidx.profileinstaller:profileinstaller:1.3.0] AndroidManifest.xml:30:17-85
61                android:value="androidx.startup" />
61-->[androidx.profileinstaller:profileinstaller:1.3.0] AndroidManifest.xml:31:17-49
62        </provider>
63
64        <receiver
64-->[androidx.profileinstaller:profileinstaller:1.3.0] AndroidManifest.xml:34:9-52:20
65            android:name="androidx.profileinstaller.ProfileInstallReceiver"
65-->[androidx.profileinstaller:profileinstaller:1.3.0] AndroidManifest.xml:35:13-76
66            android:directBootAware="false"
66-->[androidx.profileinstaller:profileinstaller:1.3.0] AndroidManifest.xml:36:13-44
67            android:enabled="true"
67-->[androidx.profileinstaller:profileinstaller:1.3.0] AndroidManifest.xml:37:13-35
68            android:exported="true"
68-->[androidx.profileinstaller:profileinstaller:1.3.0] AndroidManifest.xml:38:13-36
69            android:permission="android.permission.DUMP" >
69-->[androidx.profileinstaller:profileinstaller:1.3.0] AndroidManifest.xml:39:13-57
70            <intent-filter>
70-->[androidx.profileinstaller:profileinstaller:1.3.0] AndroidManifest.xml:40:13-42:29
71                <action android:name="androidx.profileinstaller.action.INSTALL_PROFILE" />
71-->[androidx.profileinstaller:profileinstaller:1.3.0] AndroidManifest.xml:41:17-91
71-->[androidx.profileinstaller:profileinstaller:1.3.0] AndroidManifest.xml:41:25-88
72            </intent-filter>
73            <intent-filter>
73-->[androidx.profileinstaller:profileinstaller:1.3.0] AndroidManifest.xml:43:13-45:29
74                <action android:name="androidx.profileinstaller.action.SKIP_FILE" />
74-->[androidx.profileinstaller:profileinstaller:1.3.0] AndroidManifest.xml:44:17-85
74-->[androidx.profileinstaller:profileinstaller:1.3.0] AndroidManifest.xml:44:25-82
75            </intent-filter>
76            <intent-filter>
76-->[androidx.profileinstaller:profileinstaller:1.3.0] AndroidManifest.xml:46:13-48:29
77                <action android:name="androidx.profileinstaller.action.SAVE_PROFILE" />
77-->[androidx.profileinstaller:profileinstaller:1.3.0] AndroidManifest.xml:47:17-88
77-->[androidx.profileinstaller:profileinstaller:1.3.0] AndroidManifest.xml:47:25-85
78            </intent-filter>
79            <intent-filter>
79-->[androidx.profileinstaller:profileinstaller:1.3.0] AndroidManifest.xml:49:13-51:29
80                <action android:name="androidx.profileinstaller.action.BENCHMARK_OPERATION" />
80-->[androidx.profileinstaller:profileinstaller:1.3.0] AndroidManifest.xml:50:17-95
80-->[androidx.profileinstaller:profileinstaller:1.3.0] AndroidManifest.xml:50:25-92
81            </intent-filter>
82        </receiver>
83    </application>
84
85</manifest>